<?xml version="1.0" encoding="UTF-8"?>
<testsuite xmlns:xsi="http://www.w3.org/2001/XMLSchema-instance" xsi:noNamespaceSchemaLocation="https://maven.apache.org/surefire/maven-surefire-plugin/xsd/surefire-test-report.xsd" name="net.javaguides.springboot.springsecurity.ApplicationTests" time="2.106" tests="1" errors="1" skipped="0" failures="0">
  <properties>
[...]
</properties>
  <testcase name="contextLoads" classname="net.javaguides.springboot.springsecurity.ApplicationTests" time="0.004">
    <error message="Failed to load ApplicationContext" type="java.lang.IllegalStateException">java.lang.IllegalStateException: Failed to load ApplicationContext
Caused by: org.springframework.beans.factory.BeanCreationException: Error creating bean with name 'entityManagerFactory' defined in class path resource [org/springframework/boot/autoconfigure/orm/jpa/HibernateJpaConfiguration.class]: Invocation of init method failed; nested exception is java.lang.NoClassDefFoundError: javax/xml/bind/JAXBException
Caused by: java.lang.NoClassDefFoundError: javax/xml/bind/JAXBException
Caused by: java.lang.ClassNotFoundException: javax.xml.bind.JAXBException
</error>
    <system-out><![CDATA[
  .   ____          _            __ _ _
 /\\ / ___'_ __ _ _(_)_ __  __ _ \ \ \ \
( ( )\___ | '_ | '_| | '_ \/ _` | \ \ \ \
 \\/  ___)| |_)| | | | | || (_| |  ) ) ) )
  '  |____| .__|_| |_|_| |_\__, | / / / /
 =========|_|==============|___/=/_/_/_/
 :: Spring Boot ::        (v2.0.4.RELEASE)

2021-07-08 21:03:46.484  INFO 29344 --- [           main] n.j.s.springsecurity.ApplicationTests    : Starting ApplicationTests on LAPTOP-I29E076N with PID 29344 (started by anil2 in E:\eclipse-workspace\registration-login-springboot-security-thymeleaf-master)
2021-07-08 21:03:46.487  INFO 29344 --- [           main] n.j.s.springsecurity.ApplicationTests    : No active profile set, falling back to default profiles: default
2021-07-08 21:03:46.515  INFO 29344 --- [           main] o.s.w.c.s.GenericWebApplicationContext   : Refreshing org.springframework.web.context.support.GenericWebApplicationContext@70efb718: startup date [Thu Jul 08 21:03:46 IST 2021]; root of context hierarchy
2021-07-08 21:03:47.509  INFO 29344 --- [           main] trationDelegate$BeanPostProcessorChecker : Bean 'org.springframework.transaction.annotation.ProxyTransactionManagementConfiguration' of type [org.springframework.transaction.annotation.ProxyTransactionManagementConfiguration$$EnhancerBySpringCGLIB$$9595440d] is not eligible for getting processed by all BeanPostProcessors (for example: not eligible for auto-proxying)
2021-07-08 21:03:47.683  INFO 29344 --- [           main] com.zaxxer.hikari.HikariDataSource       : HikariPool-1 - Starting...
2021-07-08 21:03:47.860  INFO 29344 --- [           main] com.zaxxer.hikari.HikariDataSource       : HikariPool-1 - Start completed.
2021-07-08 21:03:47.892  INFO 29344 --- [           main] j.LocalContainerEntityManagerFactoryBean : Building JPA container EntityManagerFactory for persistence unit 'default'
2021-07-08 21:03:47.903  INFO 29344 --- [           main] o.hibernate.jpa.internal.util.LogHelper  : HHH000204: Processing PersistenceUnitInfo [
	name: default
	...]
2021-07-08 21:03:47.964  INFO 29344 --- [           main] org.hibernate.Version                    : HHH000412: Hibernate Core {5.2.17.Final}
2021-07-08 21:03:47.965  INFO 29344 --- [           main] org.hibernate.cfg.Environment            : HHH000206: hibernate.properties not found
2021-07-08 21:03:47.977  WARN 29344 --- [           main] o.s.w.c.s.GenericWebApplicationContext   : Exception encountered during context initialization - cancelling refresh attempt: org.springframework.beans.factory.BeanCreationException: Error creating bean with name 'entityManagerFactory' defined in class path resource [org/springframework/boot/autoconfigure/orm/jpa/HibernateJpaConfiguration.class]: Invocation of init method failed; nested exception is java.lang.NoClassDefFoundError: javax/xml/bind/JAXBException
2021-07-08 21:03:47.978  INFO 29344 --- [           main] com.zaxxer.hikari.HikariDataSource       : HikariPool-1 - Shutdown initiated...
2021-07-08 21:03:47.980  INFO 29344 --- [           main] com.zaxxer.hikari.HikariDataSource       : HikariPool-1 - Shutdown completed.
]]></system-out>
    <system-err><![CDATA[Jul 08, 2021 9:03:45 PM org.springframework.boot.test.context.SpringBootTestContextBootstrapper buildDefaultMergedContextConfiguration
INFO: Neither @ContextConfiguration nor @ContextHierarchy found for test class [net.javaguides.springboot.springsecurity.ApplicationTests], using SpringBootContextLoader
Jul 08, 2021 9:03:46 PM org.springframework.test.context.support.AbstractContextLoader generateDefaultLocations
INFO: Could not detect default resource locations for test class [net.javaguides.springboot.springsecurity.ApplicationTests]: no resource found for suffixes {-context.xml, Context.groovy}.
Jul 08, 2021 9:03:46 PM org.springframework.test.context.support.AnnotationConfigContextLoaderUtils detectDefaultConfigurationClasses
INFO: Could not detect default configuration classes for test class [net.javaguides.springboot.springsecurity.ApplicationTests]: ApplicationTests does not declare any static, non-private, non-final, nested classes annotated with @Configuration.
Jul 08, 2021 9:03:46 PM org.springframework.boot.test.context.SpringBootTestContextBootstrapper getOrFindConfigurationClasses
INFO: Found @SpringBootConfiguration net.javaguides.springboot.springsecurity.Application for test class net.javaguides.springboot.springsecurity.ApplicationTests
Jul 08, 2021 9:03:46 PM org.springframework.boot.test.context.SpringBootTestContextBootstrapper getDefaultTestExecutionListenerClassNames
INFO: Loaded default TestExecutionListener class names from location [META-INF/spring.factories]: [org.springframework.boot.test.mock.mockito.MockitoTestExecutionListener, org.springframework.boot.test.mock.mockito.ResetMocksTestExecutionListener, org.springframework.boot.test.autoconfigure.restdocs.RestDocsTestExecutionListener, org.springframework.boot.test.autoconfigure.web.client.MockRestServiceServerResetTestExecutionListener, org.springframework.boot.test.autoconfigure.web.servlet.MockMvcPrintOnlyOnFailureTestExecutionListener, org.springframework.boot.test.autoconfigure.web.servlet.WebDriverTestExecutionListener, org.springframework.test.context.web.ServletTestExecutionListener, org.springframework.test.context.support.DirtiesContextBeforeModesTestExecutionListener, org.springframework.test.context.support.DependencyInjectionTestExecutionListener, org.springframework.test.context.support.DirtiesContextTestExecutionListener, org.springframework.test.context.transaction.TransactionalTestExecutionListener, org.springframework.test.context.jdbc.SqlScriptsTestExecutionListener, org.springframework.security.test.context.support.WithSecurityContextTestExecutionListener, org.springframework.security.test.context.support.ReactorContextTestExecutionListener]
Jul 08, 2021 9:03:46 PM org.springframework.boot.test.context.SpringBootTestContextBootstrapper getTestExecutionListeners
INFO: Using TestExecutionListeners: [org.springframework.test.context.web.ServletTestExecutionListener@463fd068, org.springframework.test.context.support.DirtiesContextBeforeModesTestExecutionListener@895e367, org.springframework.boot.test.mock.mockito.MockitoTestExecutionListener@1b266842, org.springframework.boot.test.autoconfigure.SpringBootDependencyInjectionTestExecutionListener@7a3793c7, org.springframework.test.context.support.DirtiesContextTestExecutionListener@42b3b079, org.springframework.test.context.transaction.TransactionalTestExecutionListener@651aed93, org.springframework.test.context.jdbc.SqlScriptsTestExecutionListener@4dd6fd0a, org.springframework.security.test.context.support.WithSecurityContextTestExecutionListener@bb9e6dc, org.springframework.security.test.context.support.ReactorContextTestExecutionListener@5456afaa, org.springframework.boot.test.mock.mockito.ResetMocksTestExecutionListener@6692b6c6, org.springframework.boot.test.autoconfigure.restdocs.RestDocsTestExecutionListener@1cd629b3, org.springframework.boot.test.autoconfigure.web.client.MockRestServiceServerResetTestExecutionListener@589da3f3, org.springframework.boot.test.autoconfigure.web.servlet.MockMvcPrintOnlyOnFailureTestExecutionListener@39d76cb5, org.springframework.boot.test.autoconfigure.web.servlet.WebDriverTestExecutionListener@4a00d9cf]
]]></system-err>
  </testcase>
</testsuite>